21:12:27 **** Incremental Build of configuration Debug for project ExceptionTechs ****
make all 
make: *** No rule to make target `UsrExcption.o', needed by `ExceptionTechs'.  Stop.
21:12:29 **** Incremental Build of configuration Debug for project ExceptionTechs ****
make all 
make: *** No rule to make target `UsrExcption.o', needed by `ExceptionTechs'.  Stop.
21:12:48 **** Incremental Build of configuration Debug for project ExceptionTechs ****
make all 
make: *** No rule to make target `UsrExcption.o', needed by `ExceptionTechs'.  Stop.
21:12:52 **** Incremental Build of configuration Debug for project ExceptionTechs ****
make all 
make: *** No rule to make target `UsrExcption.o', needed by `ExceptionTechs'.  Stop.
21:13:04 **** Incremental Build of configuration Debug for project ExceptionTechs ****
make all 
make: *** No rule to make target `UsrExcption.o', needed by `ExceptionTechs'.  Stop.
21:13:16 **** Incremental Build of configuration Debug for project ExceptionTechs ****
make all 
make: *** No rule to make target `UsrExcption.o', needed by `ExceptionTechs'.  Stop.
21:13:27 **** Incremental Build of configuration Debug for project ExceptionTechs ****
make all 
make: *** No rule to make target `UsrExcption.o', needed by `ExceptionTechs'.  Stop.
21:13:33 **** Incremental Build of configuration Release for project ExceptionTechs ****
make all 
Building file: ../src/UsrExcption.cpp
Invoking: Cross G++ Compiler
g++ -O3 -Wall -c -fmessage-length=0 -MMD -MP -MF"src/UsrExcption.d" -MT"src/UsrExcption.o" -o "src/UsrExcption.o" "../src/UsrExcption.cpp"
Finished building: ../src/UsrExcption.cpp
 
Building target: ExceptionTechs
Invoking: Cross G++ Linker
g++  -o "ExceptionTechs"  ./src/UsrExcption.o   
Finished building target: ExceptionTechs
 
21:13:39 **** Incremental Build of configuration Debug for project ExceptionTechs ****
make all 
make: *** No rule to make target `UsrExcption.o', needed by `ExceptionTechs'.  Stop.
21:14:08 **** Incremental Build of configuration Debug for project ExceptionTechs ****
make all 
make: *** No rule to make target `UsrExcption.o', needed by `ExceptionTechs'.  Stop.
21:14:33 **** Incremental Build of configuration Release for project ExceptionTechs ****
make all 
Building file: ../src/UsrExcption.cpp
Invoking: Cross G++ Compiler
g++ -O3 -Wall -c -fmessage-length=0 -MMD -MP -MF"src/UsrExcption.d" -MT"src/UsrExcption.o" -o "src/UsrExcption.o" "../src/UsrExcption.cpp"
../src/UsrExcption.cpp:34:8: warning: exception of type 'std::bad_alloc &' will be caught by earlier handler [-Wexceptions]
        catch(bad_alloc &e){
              ^
../src/UsrExcption.cpp:31:8: note: for type 'std::exception &'
        catch(exception &e){
              ^
1 warning generated.
Finished building: ../src/UsrExcption.cpp
 
Building target: ExceptionTechs
Invoking: Cross G++ Linker
g++  -o "ExceptionTechs"  ./src/UsrExcption.o   
Finished building target: ExceptionTechs
 
21:14:40 **** Incremental Build of configuration Debug for project ExceptionTechs ****
make all 
Building file: ../src/UsrExcption.cpp
Invoking: Cross G++ Compiler
g++ -O0 -g3 -Wall -c -fmessage-length=0 -MMD -MP -MF"src/UsrExcption.d" -MT"src/UsrExcption.o" -o "src/UsrExcption.o" "../src/UsrExcption.cpp"
../src/UsrExcption.cpp:34:8: warning: exception of type 'std::bad_alloc &' will be caught by earlier handler [-Wexceptions]
        catch(bad_alloc &e){
              ^
../src/UsrExcption.cpp:31:8: note: for type 'std::exception &'
        catch(exception &e){
              ^
1 warning generated.
Finished building: ../src/UsrExcption.cpp
 
make: *** No rule to make target `UsrExcption.o', needed by `ExceptionTechs'.  Stop.
21:14:59 **** Incremental Build of configuration Release for project ExceptionTechs ****
make all 
Building file: ../src/UsrExcption.cpp
Invoking: Cross G++ Compiler
g++ -O3 -Wall -c -fmessage-length=0 -MMD -MP -MF"src/UsrExcption.d" -MT"src/UsrExcption.o" -o "src/UsrExcption.o" "../src/UsrExcption.cpp"
../src/UsrExcption.cpp:34:8: warning: exception of type 'std::bad_alloc &' will be caught by earlier handler [-Wexceptions]
        catch(bad_alloc &e){
              ^
../src/UsrExcption.cpp:31:8: note: for type 'std::exception &'
        catch(exception &e){
              ^
1 warning generated.
Finished building: ../src/UsrExcption.cpp
 
Building target: ExceptionTechs
Invoking: Cross G++ Linker
g++  -o "ExceptionTechs"  ./src/UsrExcption.o   
Finished building target: ExceptionTechs
 
21:15:08 **** Incremental Build of configuration Debug for project ExceptionTechs ****
make all 
Building file: ../src/UsrExcption.cpp
Invoking: Cross G++ Compiler
g++ -O0 -g3 -Wall -c -fmessage-length=0 -MMD -MP -MF"src/UsrExcption.d" -MT"src/UsrExcption.o" -o "src/UsrExcption.o" "../src/UsrExcption.cpp"
../src/UsrExcption.cpp:34:8: warning: exception of type 'std::bad_alloc &' will be caught by earlier handler [-Wexceptions]
        catch(bad_alloc &e){
              ^
../src/UsrExcption.cpp:31:8: note: for type 'std::exception &'
        catch(exception &e){
              ^
1 warning generated.
Finished building: ../src/UsrExcption.cpp
 
make: *** No rule to make target `UsrExcption.o', needed by `ExceptionTechs'.  Stop.
21:16:03 **** Incremental Build of configuration Release for project ExceptionTechs ****
make all 
Building file: ../src/UsrExcption.cpp
Invoking: Cross G++ Compiler
g++ -O3 -Wall -c -fmessage-length=0 -MMD -MP -MF"src/UsrExcption.d" -MT"src/UsrExcption.o" -o "src/UsrExcption.o" "../src/UsrExcption.cpp"
../src/UsrExcption.cpp:35:8: warning: exception of type 'std::bad_alloc &' will be caught by earlier handler [-Wexceptions]
        catch(bad_alloc &e){
              ^
../src/UsrExcption.cpp:32:8: note: for type 'std::exception &'
        catch(exception &e){
              ^
1 warning generated.
Finished building: ../src/UsrExcption.cpp
 
Building target: ExceptionTechs
Invoking: Cross G++ Linker
g++  -o "ExceptionTechs"  ./src/UsrExcption.o   
Finished building target: ExceptionTechs
 
21:16:06 **** Incremental Build of configuration Debug for project ExceptionTechs ****
make all 
Building file: ../src/UsrExcption.cpp
Invoking: Cross G++ Compiler
g++ -O0 -g3 -Wall -c -fmessage-length=0 -MMD -MP -MF"src/UsrExcption.d" -MT"src/UsrExcption.o" -o "src/UsrExcption.o" "../src/UsrExcption.cpp"
../src/UsrExcption.cpp:35:8: warning: exception of type 'std::bad_alloc &' will be caught by earlier handler [-Wexceptions]
        catch(bad_alloc &e){
              ^
../src/UsrExcption.cpp:32:8: note: for type 'std::exception &'
        catch(exception &e){
              ^
1 warning generated.
Finished building: ../src/UsrExcption.cpp
 
make: *** No rule to make target `UsrExcption.o', needed by `ExceptionTechs'.  Stop.
21:17:31 **** Incremental Build of configuration Release for project ExceptionTechs ****
make all 
Building file: ../src/UsrExcption.cpp
Invoking: Cross G++ Compiler
g++ -O3 -Wall -c -fmessage-length=0 -MMD -MP -MF"src/UsrExcption.d" -MT"src/UsrExcption.o" -o "src/UsrExcption.o" "../src/UsrExcption.cpp"
../src/UsrExcption.cpp:35:8: warning: exception of type 'std::bad_alloc &' will be caught by earlier handler [-Wexceptions]
        catch(bad_alloc &e){
              ^
../src/UsrExcption.cpp:32:8: note: for type 'std::exception &'
        catch(exception &e){
              ^
1 warning generated.
Finished building: ../src/UsrExcption.cpp
 
Building target: ExceptionTechs
Invoking: Cross G++ Linker
g++  -o "ExceptionTechs"  ./src/UsrExcption.o   
Finished building target: ExceptionTechs
 
21:17:34 **** Incremental Build of configuration Debug for project ExceptionTechs ****
make all 
Building file: ../src/UsrExcption.cpp
Invoking: Cross G++ Compiler
g++ -O0 -g3 -Wall -c -fmessage-length=0 -MMD -MP -MF"src/UsrExcption.d" -MT"src/UsrExcption.o" -o "src/UsrExcption.o" "../src/UsrExcption.cpp"
../src/UsrExcption.cpp:35:8: warning: exception of type 'std::bad_alloc &' will be caught by earlier handler [-Wexceptions]
        catch(bad_alloc &e){
              ^
../src/UsrExcption.cpp:32:8: note: for type 'std::exception &'
        catch(exception &e){
              ^
1 warning generated.
Finished building: ../src/UsrExcption.cpp
 
make: *** No rule to make target `UsrExcption.o', needed by `ExceptionTechs'.  Stop.
21:18:01 **** Incremental Build of configuration Release for project ExceptionTechs ****
make all 
Building file: ../src/UsrExcption.cpp
Invoking: Cross G++ Compiler
g++ -O3 -Wall -c -fmessage-length=0 -MMD -MP -MF"src/UsrExcption.d" -MT"src/UsrExcption.o" -o "src/UsrExcption.o" "../src/UsrExcption.cpp"
../src/UsrExcption.cpp:35:8: warning: exception of type 'std::bad_alloc &' will be caught by earlier handler [-Wexceptions]
        catch(bad_alloc &e){
              ^
../src/UsrExcption.cpp:32:8: note: for type 'std::exception &'
        catch(exception &e){
              ^
1 warning generated.
Finished building: ../src/UsrExcption.cpp
 
Building target: ExceptionTechs
Invoking: Cross G++ Linker
g++  -o "ExceptionTechs"  ./src/UsrExcption.o   
Finished building target: ExceptionTechs
 
21:18:58 **** Incremental Build of configuration Debug for project ExceptionTechs ****
make all 
Building file: ../src/UsrExcption.cpp
Invoking: Cross G++ Compiler
g++ -O0 -g3 -Wall -c -fmessage-length=0 -MMD -MP -MF"src/UsrExcption.d" -MT"src/UsrExcption.o" -o "src/UsrExcption.o" "../src/UsrExcption.cpp"
../src/UsrExcption.cpp:35:8: warning: exception of type 'std::bad_alloc &' will be caught by earlier handler [-Wexceptions]
        catch(bad_alloc &e){
              ^
../src/UsrExcption.cpp:32:8: note: for type 'std::exception &'
        catch(exception &e){
              ^
1 warning generated.
Finished building: ../src/UsrExcption.cpp
 
make: *** No rule to make target `UsrExcption.o', needed by `ExceptionTechs'.  Stop.
21:19:21 **** Incremental Build of configuration Debug for project ExceptionTechs ****
make all 
Building file: ../src/UsrExcption.cpp
Invoking: Cross G++ Compiler
g++ -O0 -g3 -Wall -c -fmessage-length=0 -MMD -MP -MF"src/UsrExcption.d" -MT"src/UsrExcption.o" -o "src/UsrExcption.o" "../src/UsrExcption.cpp"
../src/UsrExcption.cpp:35:8: warning: exception of type 'std::bad_alloc &' will be caught by earlier handler [-Wexceptions]
        catch(bad_alloc &e){
              ^
../src/UsrExcption.cpp:32:8: note: for type 'std::exception &'
        catch(exception &e){
              ^
1 warning generated.
Finished building: ../src/UsrExcption.cpp
 
make: *** No rule to make target `UsrExcption.o', needed by `ExceptionTechs'.  Stop.
21:19:27 **** Incremental Build of configuration Release for project ExceptionTechs ****
make all 
Building file: ../src/UsrExcption.cpp
Invoking: Cross G++ Compiler
g++ -O3 -Wall -c -fmessage-length=0 -MMD -MP -MF"src/UsrExcption.d" -MT"src/UsrExcption.o" -o "src/UsrExcption.o" "../src/UsrExcption.cpp"
../src/UsrExcption.cpp:35:8: warning: exception of type 'std::bad_alloc &' will be caught by earlier handler [-Wexceptions]
        catch(bad_alloc &e){
              ^
../src/UsrExcption.cpp:32:8: note: for type 'std::exception &'
        catch(exception &e){
              ^
1 warning generated.
Finished building: ../src/UsrExcption.cpp
 
Building target: ExceptionTechs
Invoking: Cross G++ Linker
g++  -o "ExceptionTechs"  ./src/UsrExcption.o   
Finished building target: ExceptionTechs
 
21:19:30 **** Incremental Build of configuration Debug for project ExceptionTechs ****
make all 
make: *** No rule to make target `UsrExcption.o', needed by `ExceptionTechs'.  Stop.
21:19:57 **** Incremental Build of configuration Release for project ExceptionTechs ****
make all 
Building file: ../src/UsrExcption.cpp
Invoking: Cross G++ Compiler
g++ -O3 -Wall -c -fmessage-length=0 -MMD -MP -MF"src/UsrExcption.d" -MT"src/UsrExcption.o" -o "src/UsrExcption.o" "../src/UsrExcption.cpp"
Finished building: ../src/UsrExcption.cpp
 
Building target: ExceptionTechs
Invoking: Cross G++ Linker
g++  -o "ExceptionTechs"  ./src/UsrExcption.o   
Finished building target: ExceptionTechs
 
21:19:59 **** Incremental Build of configuration Debug for project ExceptionTechs ****
make all 
Building file: ../src/UsrExcption.cpp
Invoking: Cross G++ Compiler
g++ -O0 -g3 -Wall -c -fmessage-length=0 -MMD -MP -MF"src/UsrExcption.d" -MT"src/UsrExcption.o" -o "src/UsrExcption.o" "../src/UsrExcption.cpp"
Finished building: ../src/UsrExcption.cpp
 
make: *** No rule to make target `UsrExcption.o', needed by `ExceptionTechs'.  Stop.
21:21:35 **** Incremental Build of configuration Release for project ExceptionTechs ****
make all 
Building target: ExceptionTechs
Invoking: Cross G++ Linker
g++  -o "ExceptionTechs"  ./src/UsrExcption.o   
Finished building target: ExceptionTechs
 
21:21:38 **** Incremental Build of configuration Release for project ExceptionTechs ****
make all 
make: Nothing to be done for `all'.
21:21:41 **** Incremental Build of configuration Release for project ExceptionTechs ****
make all 
make: Nothing to be done for `all'.
21:21:49 **** Incremental Build of configuration Release for project ExceptionTechs ****
make all 
Building file: ../src/UsrExcption.cpp
Invoking: Cross G++ Compiler
g++ -O3 -Wall -c -fmessage-length=0 -MMD -MP -MF"src/UsrExcption.d" -MT"src/UsrExcption.o" -o "src/UsrExcption.o" "../src/UsrExcption.cpp"
../src/UsrExcption.cpp:35:9: warning: exception of type 'std::bad_alloc &' will be caught by earlier handler [-Wexceptions]
                catch(bad_alloc &e){
                      ^
../src/UsrExcption.cpp:32:9: note: for type 'std::exception &'
                catch(exception &e){
                      ^
1 warning generated.
Finished building: ../src/UsrExcption.cpp
 
Building target: ExceptionTechs
Invoking: Cross G++ Linker
g++  -o "ExceptionTechs"  ./src/UsrExcption.o   
Finished building target: ExceptionTechs
 
21:21:53 **** Incremental Build of configuration Release for project ExceptionTechs ****
make all 
Building file: ../src/UsrExcption.cpp
Invoking: Cross G++ Compiler
g++ -O3 -Wall -c -fmessage-length=0 -MMD -MP -MF"src/UsrExcption.d" -MT"src/UsrExcption.o" -o "src/UsrExcption.o" "../src/UsrExcption.cpp"
../src/UsrExcption.cpp:35:8: warning: exception of type 'std::bad_alloc &' will be caught by earlier handler [-Wexceptions]
        catch(bad_alloc &e){
              ^
../src/UsrExcption.cpp:32:8: note: for type 'std::exception &'
        catch(exception &e){
              ^
1 warning generated.
Finished building: ../src/UsrExcption.cpp
 
Building target: ExceptionTechs
Invoking: Cross G++ Linker
g++  -o "ExceptionTechs"  ./src/UsrExcption.o   
Finished building target: ExceptionTechs
 
21:21:59 **** Incremental Build of configuration Release for project ExceptionTechs ****
make all 
make: Nothing to be done for `all'.
21:22:07 **** Incremental Build of configuration Release for project ExceptionTechs ****
make all 
make: Nothing to be done for `all'.
21:22:12 **** Incremental Build of configuration Release for project ExceptionTechs ****
make all 
make: Nothing to be done for `all'.
21:22:17 **** Incremental Build of configuration Release for project ExceptionTechs ****
make all 
make: Nothing to be done for `all'.
21:32:20 **** Incremental Build of configuration Release for project ExceptionTechs ****
make all 
Building file: ../src/UsrExcption.cpp
Invoking: Cross G++ Compiler
g++ -O3 -Wall -c -fmessage-length=0 -MMD -MP -MF"src/UsrExcption.d" -MT"src/UsrExcption.o" -o "src/UsrExcption.o" "../src/UsrExcption.cpp"
Finished building: ../src/UsrExcption.cpp
 
Building target: ExceptionTechs
Invoking: Cross G++ Linker
g++  -o "ExceptionTechs"  ./src/UsrExcption.o   
Finished building target: ExceptionTechs
 
21:32:23 **** Incremental Build of configuration Release for project ExceptionTechs ****
make all 
make: Nothing to be done for `all'.
21:32:43 **** Incremental Build of configuration Release for project ExceptionTechs ****
make all 
Building file: ../src/UsrExcption.cpp
Invoking: Cross G++ Compiler
g++ -O3 -Wall -c -fmessage-length=0 -MMD -MP -MF"src/UsrExcption.d" -MT"src/UsrExcption.o" -o "src/UsrExcption.o" "../src/UsrExcption.cpp"
Finished building: ../src/UsrExcption.cpp
 
Building target: ExceptionTechs
Invoking: Cross G++ Linker
g++  -o "ExceptionTechs"  ./src/UsrExcption.o   
Finished building target: ExceptionTechs
 
21:32:45 **** Incremental Build of configuration Release for project ExceptionTechs ****
make all 
make: Nothing to be done for `all'.
21:32:57 **** Incremental Build of configuration Release for project ExceptionTechs ****
make all 
Building file: ../src/UsrExcption.cpp
Invoking: Cross G++ Compiler
g++ -O3 -Wall -c -fmessage-length=0 -MMD -MP -MF"src/UsrExcption.d" -MT"src/UsrExcption.o" -o "src/UsrExcption.o" "../src/UsrExcption.cpp"
Finished building: ../src/UsrExcption.cpp
 
Building target: ExceptionTechs
Invoking: Cross G++ Linker
g++  -o "ExceptionTechs"  ./src/UsrExcption.o   
Finished building target: ExceptionTechs
 
21:32:59 **** Incremental Build of configuration Release for project ExceptionTechs ****
make all 
make: Nothing to be done for `all'.
21:33:11 **** Incremental Build of configuration Release for project ExceptionTechs ****
make all 
Building file: ../src/UsrExcption.cpp
Invoking: Cross G++ Compiler
g++ -O3 -Wall -c -fmessage-length=0 -MMD -MP -MF"src/UsrExcption.d" -MT"src/UsrExcption.o" -o "src/UsrExcption.o" "../src/UsrExcption.cpp"
Finished building: ../src/UsrExcption.cpp
 
Building target: ExceptionTechs
Invoking: Cross G++ Linker
g++  -o "ExceptionTechs"  ./src/UsrExcption.o   
Finished building target: ExceptionTechs
 
21:33:15 **** Incremental Build of configuration Release for project ExceptionTechs ****
make all 
make: Nothing to be done for `all'.
21:33:29 **** Incremental Build of configuration Release for project ExceptionTechs ****
make all 
Building file: ../src/UsrExcption.cpp
Invoking: Cross G++ Compiler
g++ -O3 -Wall -c -fmessage-length=0 -MMD -MP -MF"src/UsrExcption.d" -MT"src/UsrExcption.o" -o "src/UsrExcption.o" "../src/UsrExcption.cpp"
../src/UsrExcption.cpp:27:1: error: 'main' must return 'int'
void main(){
^~~~
int
1 error generated.
make: *** [src/UsrExcption.o] Error 1
21:33:40 **** Incremental Build of configuration Release for project ExceptionTechs ****
make all 
Building file: ../src/UsrExcption.cpp
Invoking: Cross G++ Compiler
g++ -O3 -Wall -c -fmessage-length=0 -MMD -MP -MF"src/UsrExcption.d" -MT"src/UsrExcption.o" -o "src/UsrExcption.o" "../src/UsrExcption.cpp"
Finished building: ../src/UsrExcption.cpp
 
Building target: ExceptionTechs
Invoking: Cross G++ Linker
g++  -o "ExceptionTechs"  ./src/UsrExcption.o   
Finished building target: ExceptionTechs
 
21:33:41 **** Incremental Build of configuration Release for project ExceptionTechs ****
make all 
make: Nothing to be done for `all'.
